[0.074s] DEBUG:colcon:Command line arguments: ['/usr/bin/colcon', 'build', '--packages-select', 'image_click_teleop', '--symlink-install']
[0.074s] DEBUG:colcon:Parsed command line arguments: Namespace(log_base=None, log_level=None, verb_name='build', build_base='build', install_base='install', merge_install=False, symlink_install=True, test_result_base=None, continue_on_error=False, executor='parallel', parallel_workers=20, event_handlers=None, ignore_user_meta=False, metas=['./colcon.meta'], base_paths=['.'], packages_ignore=None, packages_ignore_regex=None, paths=None, packages_up_to=None, packages_up_to_regex=None, packages_above=None, packages_above_and_dependencies=None, packages_above_depth=None, packages_select_by_dep=None, packages_skip_by_dep=None, packages_skip_up_to=None, packages_select_build_failed=False, packages_skip_build_finished=False, packages_select_test_failures=False, packages_skip_test_passed=False, packages_select=['image_click_teleop'], packages_skip=None, packages_select_regex=None, packages_skip_regex=None, packages_start=None, packages_end=None, allow_overriding=[], cmake_args=None, cmake_target=None, cmake_target_skip_unavailable=False, cmake_clean_cache=False, cmake_clean_first=False, cmake_force_configure=False, ament_cmake_args=None, catkin_cmake_args=None, catkin_skip_building_tests=False, mixin_files=None, mixin=None, verb_parser=<colcon_mixin.mixin.mixin_argument.MixinArgumentDecorator object at 0x79f30b2a2a80>, verb_extension=<colcon_core.verb.build.BuildVerb object at 0x79f30b274410>, main=<bound method BuildVerb.main of <colcon_core.verb.build.BuildVerb object at 0x79f30b274410>>, mixin_verb=('build',))
[0.097s] Level 1:colcon.colcon_core.package_discovery:discover_packages(colcon_meta) check parameters
[0.097s] Level 1:colcon.colcon_core.package_discovery:discover_packages(recursive) check parameters
[0.097s] Level 1:colcon.colcon_core.package_discovery:discover_packages(ignore) check parameters
[0.097s] Level 1:colcon.colcon_core.package_discovery:discover_packages(path) check parameters
[0.097s] Level 1:colcon.colcon_core.package_discovery:discover_packages(colcon_meta) discover
[0.097s] Level 1:colcon.colcon_core.package_discovery:discover_packages(recursive) discover
[0.097s] INFO:colcon.colcon_core.package_discovery:Crawling recursively for packages in '/home/maria/ros2_project_ws/src/Tools-and-Software-Project'
[0.098s] Level 1:colcon.colcon_core.package_identification:_identify(.) by extensions ['ignore', 'ignore_ament_install']
[0.098s] Level 1:colcon.colcon_core.package_identification:_identify(.) by extension 'ignore'
[0.098s] Level 1:colcon.colcon_core.package_identification:_identify(.) by extension 'ignore_ament_install'
[0.098s] Level 1:colcon.colcon_core.package_identification:_identify(.) by extensions ['colcon_pkg']
[0.098s] Level 1:colcon.colcon_core.package_identification:_identify(.) by extension 'colcon_pkg'
[0.098s] Level 1:colcon.colcon_core.package_identification:_identify(.) by extensions ['colcon_meta']
[0.098s] Level 1:colcon.colcon_core.package_identification:_identify(.) by extension 'colcon_meta'
[0.098s] Level 1:colcon.colcon_core.package_identification:_identify(.) by extensions ['ros']
[0.098s] Level 1:colcon.colcon_core.package_identification:_identify(.) by extension 'ros'
[0.116s] Level 1:colcon.colcon_core.package_identification:_identify(.) by extensions ['cmake', 'python']
[0.116s] Level 1:colcon.colcon_core.package_identification:_identify(.) by extension 'cmake'
[0.116s] Level 1:colcon.colcon_core.package_identification:_identify(.) by extension 'python'
[0.116s] Level 1:colcon.colcon_core.package_identification:_identify(.) by extensions ['python_setup_py']
[0.116s] Level 1:colcon.colcon_core.package_identification:_identify(.) by extension 'python_setup_py'
[0.116s] Level 1:colcon.colcon_core.package_identification:_identify(build) by extensions ['ignore', 'ignore_ament_install']
[0.116s] Level 1:colcon.colcon_core.package_identification:_identify(build) by extension 'ignore'
[0.116s] Level 1:colcon.colcon_core.package_identification:_identify(build) ignored
[0.116s] Level 1:colcon.colcon_core.package_identification:_identify(image_click_teleop) by extensions ['ignore', 'ignore_ament_install']
[0.116s] Level 1:colcon.colcon_core.package_identification:_identify(image_click_teleop) by extension 'ignore'
[0.116s] Level 1:colcon.colcon_core.package_identification:_identify(image_click_teleop) by extension 'ignore_ament_install'
[0.116s] Level 1:colcon.colcon_core.package_identification:_identify(image_click_teleop) by extensions ['colcon_pkg']
[0.116s] Level 1:colcon.colcon_core.package_identification:_identify(image_click_teleop) by extension 'colcon_pkg'
[0.116s] Level 1:colcon.colcon_core.package_identification:_identify(image_click_teleop) by extensions ['colcon_meta']
[0.116s] Level 1:colcon.colcon_core.package_identification:_identify(image_click_teleop) by extension 'colcon_meta'
[0.116s] Level 1:colcon.colcon_core.package_identification:_identify(image_click_teleop) by extensions ['ros']
[0.116s] Level 1:colcon.colcon_core.package_identification:_identify(image_click_teleop) by extension 'ros'
[0.118s] DEBUG:colcon.colcon_core.package_identification:Package 'image_click_teleop' with type 'ros.ament_python' and name 'image_click_teleop'
[0.118s] Level 1:colcon.colcon_core.package_identification:_identify(install) by extensions ['ignore', 'ignore_ament_install']
[0.118s] Level 1:colcon.colcon_core.package_identification:_identify(install) by extension 'ignore'
[0.118s] Level 1:colcon.colcon_core.package_identification:_identify(install) ignored
[0.118s] Level 1:colcon.colcon_core.package_identification:_identify(log) by extensions ['ignore', 'ignore_ament_install']
[0.118s] Level 1:colcon.colcon_core.package_identification:_identify(log) by extension 'ignore'
[0.118s] Level 1:colcon.colcon_core.package_identification:_identify(log) ignored
[0.118s] Level 1:colcon.colcon_core.package_discovery:discover_packages(recursive) using defaults
[0.118s] Level 1:colcon.colcon_core.package_discovery:discover_packages(ignore) discover
[0.118s] Level 1:colcon.colcon_core.package_discovery:discover_packages(ignore) using defaults
[0.118s] Level 1:colcon.colcon_core.package_discovery:discover_packages(path) discover
[0.118s] Level 1:colcon.colcon_core.package_discovery:discover_packages(path) using defaults
[0.130s] Level 1:colcon.colcon_core.package_discovery:discover_packages(prefix_path) check parameters
[0.130s] Level 1:colcon.colcon_core.package_discovery:discover_packages(prefix_path) discover
[0.132s] DEBUG:colcon.colcon_installed_package_information.package_discovery:Found 19 installed packages in /home/maria/ros2_project_ws/install
[0.133s] DEBUG:colcon.colcon_installed_package_information.package_discovery:Found 481 installed packages in /opt/ros/jazzy
[0.135s] Level 1:colcon.colcon_core.package_discovery:discover_packages(prefix_path) using defaults
[0.171s] Level 5:colcon.colcon_core.verb:set package 'image_click_teleop' build argument 'cmake_args' from command line to 'None'
[0.171s] Level 5:colcon.colcon_core.verb:set package 'image_click_teleop' build argument 'cmake_target' from command line to 'None'
[0.171s] Level 5:colcon.colcon_core.verb:set package 'image_click_teleop' build argument 'cmake_target_skip_unavailable' from command line to 'False'
[0.171s] Level 5:colcon.colcon_core.verb:set package 'image_click_teleop' build argument 'cmake_clean_cache' from command line to 'False'
[0.171s] Level 5:colcon.colcon_core.verb:set package 'image_click_teleop' build argument 'cmake_clean_first' from command line to 'False'
[0.171s] Level 5:colcon.colcon_core.verb:set package 'image_click_teleop' build argument 'cmake_force_configure' from command line to 'False'
[0.171s] Level 5:colcon.colcon_core.verb:set package 'image_click_teleop' build argument 'ament_cmake_args' from command line to 'None'
[0.171s] Level 5:colcon.colcon_core.verb:set package 'image_click_teleop' build argument 'catkin_cmake_args' from command line to 'None'
[0.171s] Level 5:colcon.colcon_core.verb:set package 'image_click_teleop' build argument 'catkin_skip_building_tests' from command line to 'False'
[0.171s] DEBUG:colcon.colcon_core.verb:Building package 'image_click_teleop' with the following arguments: {'ament_cmake_args': None, 'build_base': '/home/maria/ros2_project_ws/src/Tools-and-Software-Project/build/image_click_teleop', 'catkin_cmake_args': None, 'catkin_skip_building_tests': False, 'cmake_args': None, 'cmake_clean_cache': False, 'cmake_clean_first': False, 'cmake_force_configure': False, 'cmake_target': None, 'cmake_target_skip_unavailable': False, 'install_base': '/home/maria/ros2_project_ws/src/Tools-and-Software-Project/install/image_click_teleop', 'merge_install': False, 'path': '/home/maria/ros2_project_ws/src/Tools-and-Software-Project/image_click_teleop', 'symlink_install': True, 'test_result_base': None}
[0.171s] INFO:colcon.colcon_core.executor:Executing jobs using 'parallel' executor
[0.172s] DEBUG:colcon.colcon_parallel_executor.executor.parallel:run_until_complete
[0.172s] INFO:colcon.colcon_ros.task.ament_python.build:Building ROS package in '/home/maria/ros2_project_ws/src/Tools-and-Software-Project/image_click_teleop' with build type 'ament_python'
[0.172s] Level 1:colcon.colcon_core.shell:create_environment_hook('image_click_teleop', 'ament_prefix_path')
[0.174s] INFO:colcon.colcon_core.plugin_system:Skipping extension 'colcon_core.shell.bat': Not used on non-Windows systems
[0.174s] INFO:colcon.colcon_core.shell:Creating environment hook '/home/maria/ros2_project_ws/src/Tools-and-Software-Project/install/image_click_teleop/share/image_click_teleop/hook/ament_prefix_path.ps1'
[0.174s] INFO:colcon.colcon_core.shell:Creating environment descriptor '/home/maria/ros2_project_ws/src/Tools-and-Software-Project/install/image_click_teleop/share/image_click_teleop/hook/ament_prefix_path.dsv'
[0.174s] INFO:colcon.colcon_core.shell:Creating environment hook '/home/maria/ros2_project_ws/src/Tools-and-Software-Project/install/image_click_teleop/share/image_click_teleop/hook/ament_prefix_path.sh'
[0.175s] INFO:colcon.colcon_core.shell:Skip shell extension 'powershell' for command environment: Not usable outside of PowerShell
[0.175s] DEBUG:colcon.colcon_core.shell:Skip shell extension 'dsv' for command environment
[0.327s] INFO:colcon.colcon_core.task.python.build:Building Python package in '/home/maria/ros2_project_ws/src/Tools-and-Software-Project/image_click_teleop'
[0.327s] INFO:colcon.colcon_core.shell:Skip shell extension 'powershell' for command environment: Not usable outside of PowerShell
[0.327s] DEBUG:colcon.colcon_core.shell:Skip shell extension 'dsv' for command environment
[0.704s] DEBUG:colcon.colcon_core.task.python.build:While undoing a previous installation files outside the Python library path are being ignored: /home/maria/ros2_project_ws/src/Tools-and-Software-Project/install/image_click_teleop/share/ament_index/resource_index/packages/image_click_teleop
[0.704s] DEBUG:colcon.colcon_core.task.python.build:While undoing a previous installation files outside the Python library path are being ignored: /home/maria/ros2_project_ws/src/Tools-and-Software-Project/install/image_click_teleop/share/image_click_teleop/package.xml
[0.704s] DEBUG:colcon.colcon_core.task.python.build:While undoing a previous installation files outside the Python library path are being ignored: /home/maria/ros2_project_ws/src/Tools-and-Software-Project/install/image_click_teleop/share/image_click_teleop/launch/click_teleop.launch.py
[0.705s] DEBUG:colcon.colcon_core.task.python.build:While undoing a previous installation files outside the Python library path are being ignored: /home/maria/ros2_project_ws/src/Tools-and-Software-Project/install/image_click_teleop/lib/image_click_teleop/camera_publisher
[0.705s] DEBUG:colcon.colcon_core.task.python.build:While undoing a previous installation files outside the Python library path are being ignored: /home/maria/ros2_project_ws/src/Tools-and-Software-Project/install/image_click_teleop/lib/image_click_teleop/click_teleop
[0.706s] DEBUG:colcon.colcon_core.event_handler.log_command:Invoking command in '/home/maria/ros2_project_ws/src/Tools-and-Software-Project/build/image_click_teleop': DEBUGINFOD_URLS=https://debuginfod.ubuntu.com PYTHONPATH=/home/maria/ros2_project_ws/src/Tools-and-Software-Project/build/image_click_teleop/prefix_override:/usr/lib/python3/dist-packages/colcon_core/task/python/colcon_distutils_commands:/home/maria/ros2_project_ws/src/Tools-and-Software-Project/install/image_click_teleop/lib/python3.12/site-packages:${PYTHONPATH} /usr/bin/python3 -W ignore:setup.py install is deprecated -W ignore:easy_install command is deprecated setup.py develop --editable --build-directory /home/maria/ros2_project_ws/src/Tools-and-Software-Project/build/image_click_teleop/build --no-deps symlink_data --force
[1.123s] Level 1:colcon.colcon_core.shell:create_environment_hook('image_click_teleop', 'pythonpath_develop')
[1.123s] INFO:colcon.colcon_core.shell:Creating environment hook '/home/maria/ros2_project_ws/src/Tools-and-Software-Project/build/image_click_teleop/share/image_click_teleop/hook/pythonpath_develop.ps1'
[1.123s] DEBUG:colcon.colcon_core.event_handler.log_command:Invoked command in '/home/maria/ros2_project_ws/src/Tools-and-Software-Project/build/image_click_teleop' returned '0': DEBUGINFOD_URLS=https://debuginfod.ubuntu.com PYTHONPATH=/home/maria/ros2_project_ws/src/Tools-and-Software-Project/build/image_click_teleop/prefix_override:/usr/lib/python3/dist-packages/colcon_core/task/python/colcon_distutils_commands:/home/maria/ros2_project_ws/src/Tools-and-Software-Project/install/image_click_teleop/lib/python3.12/site-packages:${PYTHONPATH} /usr/bin/python3 -W ignore:setup.py install is deprecated -W ignore:easy_install command is deprecated setup.py develop --editable --build-directory /home/maria/ros2_project_ws/src/Tools-and-Software-Project/build/image_click_teleop/build --no-deps symlink_data --force
[1.124s] INFO:colcon.colcon_core.shell:Creating environment descriptor '/home/maria/ros2_project_ws/src/Tools-and-Software-Project/build/image_click_teleop/share/image_click_teleop/hook/pythonpath_develop.dsv'
[1.124s] INFO:colcon.colcon_core.shell:Creating environment hook '/home/maria/ros2_project_ws/src/Tools-and-Software-Project/build/image_click_teleop/share/image_click_teleop/hook/pythonpath_develop.sh'
[1.125s] Level 1:colcon.colcon_core.environment:checking '/home/maria/ros2_project_ws/src/Tools-and-Software-Project/install/image_click_teleop' for CMake module files
[1.126s] Level 1:colcon.colcon_core.environment:checking '/home/maria/ros2_project_ws/src/Tools-and-Software-Project/install/image_click_teleop' for CMake config files
[1.126s] Level 1:colcon.colcon_core.environment:checking '/home/maria/ros2_project_ws/src/Tools-and-Software-Project/install/image_click_teleop/lib'
[1.126s] Level 1:colcon.colcon_core.environment:checking '/home/maria/ros2_project_ws/src/Tools-and-Software-Project/install/image_click_teleop/bin'
[1.126s] Level 1:colcon.colcon_core.environment:checking '/home/maria/ros2_project_ws/src/Tools-and-Software-Project/install/image_click_teleop/lib/pkgconfig/image_click_teleop.pc'
[1.126s] Level 1:colcon.colcon_core.environment:checking '/home/maria/ros2_project_ws/src/Tools-and-Software-Project/install/image_click_teleop/lib/python3.12/site-packages'
[1.126s] Level 1:colcon.colcon_core.shell:create_environment_hook('image_click_teleop', 'pythonpath')
[1.126s] INFO:colcon.colcon_core.shell:Creating environment hook '/home/maria/ros2_project_ws/src/Tools-and-Software-Project/install/image_click_teleop/share/image_click_teleop/hook/pythonpath.ps1'
[1.127s] INFO:colcon.colcon_core.shell:Creating environment descriptor '/home/maria/ros2_project_ws/src/Tools-and-Software-Project/install/image_click_teleop/share/image_click_teleop/hook/pythonpath.dsv'
[1.127s] INFO:colcon.colcon_core.shell:Creating environment hook '/home/maria/ros2_project_ws/src/Tools-and-Software-Project/install/image_click_teleop/share/image_click_teleop/hook/pythonpath.sh'
[1.127s] Level 1:colcon.colcon_core.environment:checking '/home/maria/ros2_project_ws/src/Tools-and-Software-Project/install/image_click_teleop/bin'
[1.128s] Level 1:colcon.colcon_core.environment:create_environment_scripts_only(image_click_teleop)
[1.128s] INFO:colcon.colcon_core.shell:Creating package script '/home/maria/ros2_project_ws/src/Tools-and-Software-Project/install/image_click_teleop/share/image_click_teleop/package.ps1'
[1.128s] INFO:colcon.colcon_core.shell:Creating package descriptor '/home/maria/ros2_project_ws/src/Tools-and-Software-Project/install/image_click_teleop/share/image_click_teleop/package.dsv'
[1.128s] INFO:colcon.colcon_core.shell:Creating package script '/home/maria/ros2_project_ws/src/Tools-and-Software-Project/install/image_click_teleop/share/image_click_teleop/package.sh'
[1.129s] INFO:colcon.colcon_core.shell:Creating package script '/home/maria/ros2_project_ws/src/Tools-and-Software-Project/install/image_click_teleop/share/image_click_teleop/package.bash'
[1.129s] INFO:colcon.colcon_core.shell:Creating package script '/home/maria/ros2_project_ws/src/Tools-and-Software-Project/install/image_click_teleop/share/image_click_teleop/package.zsh'
[1.129s] Level 1:colcon.colcon_core.environment:create_file_with_runtime_dependencies(/home/maria/ros2_project_ws/src/Tools-and-Software-Project/install/image_click_teleop/share/colcon-core/packages/image_click_teleop)
[1.130s] DEBUG:colcon.colcon_parallel_executor.executor.parallel:closing loop
[1.130s] DEBUG:colcon.colcon_parallel_executor.executor.parallel:loop closed
[1.130s] DEBUG:colcon.colcon_parallel_executor.executor.parallel:run_until_complete finished with '0'
[1.130s] DEBUG:colcon.colcon_core.event_reactor:joining thread
[1.136s] INFO:colcon.colcon_core.plugin_system:Skipping extension 'colcon_notification.desktop_notification.terminal_notifier': Not used on non-Darwin systems
[1.136s] INFO:colcon.colcon_core.plugin_system:Skipping extension 'colcon_notification.desktop_notification.win32': Not used on non-Windows systems
[1.136s] INFO:colcon.colcon_notification.desktop_notification:Sending desktop notification using 'notify2'
[1.146s] DEBUG:colcon.colcon_core.event_reactor:joined thread
[1.146s] INFO:colcon.colcon_core.shell:Creating prefix script '/home/maria/ros2_project_ws/src/Tools-and-Software-Project/install/local_setup.ps1'
[1.147s] INFO:colcon.colcon_core.shell:Creating prefix util module '/home/maria/ros2_project_ws/src/Tools-and-Software-Project/install/_local_setup_util_ps1.py'
[1.148s] INFO:colcon.colcon_core.shell:Creating prefix chain script '/home/maria/ros2_project_ws/src/Tools-and-Software-Project/install/setup.ps1'
[1.149s] INFO:colcon.colcon_core.shell:Creating prefix script '/home/maria/ros2_project_ws/src/Tools-and-Software-Project/install/local_setup.sh'
[1.149s] INFO:colcon.colcon_core.shell:Creating prefix util module '/home/maria/ros2_project_ws/src/Tools-and-Software-Project/install/_local_setup_util_sh.py'
[1.149s] INFO:colcon.colcon_core.shell:Creating prefix chain script '/home/maria/ros2_project_ws/src/Tools-and-Software-Project/install/setup.sh'
[1.150s] INFO:colcon.colcon_core.shell:Creating prefix script '/home/maria/ros2_project_ws/src/Tools-and-Software-Project/install/local_setup.bash'
[1.151s] INFO:colcon.colcon_core.shell:Creating prefix chain script '/home/maria/ros2_project_ws/src/Tools-and-Software-Project/install/setup.bash'
[1.151s] INFO:colcon.colcon_core.shell:Creating prefix script '/home/maria/ros2_project_ws/src/Tools-and-Software-Project/install/local_setup.zsh'
[1.152s] INFO:colcon.colcon_core.shell:Creating prefix chain script '/home/maria/ros2_project_ws/src/Tools-and-Software-Project/install/setup.zsh'
