[0.534s] Invoking command in '/home/maria/ros2_project_ws/src/Tools-and-Software-Project/build/image_click_teleop': DEBUGINFOD_URLS=https://debuginfod.ubuntu.com PYTHONPATH=/home/maria/ros2_project_ws/src/Tools-and-Software-Project/build/image_click_teleop/prefix_override:/usr/lib/python3/dist-packages/colcon_core/task/python/colcon_distutils_commands:/home/maria/ros2_project_ws/src/Tools-and-Software-Project/install/image_click_teleop/lib/python3.12/site-packages:${PYTHONPATH} /usr/bin/python3 -W ignore:setup.py install is deprecated -W ignore:easy_install command is deprecated setup.py develop --editable --build-directory /home/maria/ros2_project_ws/src/Tools-and-Software-Project/build/image_click_teleop/build --no-deps symlink_data --force
[0.749s] running develop
[0.859s] /usr/lib/python3/dist-packages/setuptools/command/easy_install.py:363: UserWarning: Unbuilt egg for pytest-repeat [unknown version] (/usr/lib/python3/dist-packages)
[0.859s]   self.local_index = Environment(self.shadow_path + sys.path)
[0.881s] running egg_info
[0.894s] writing image_click_teleop.egg-info/PKG-INFO
[0.894s] writing dependency_links to image_click_teleop.egg-info/dependency_links.txt
[0.894s] writing entry points to image_click_teleop.egg-info/entry_points.txt
[0.894s] writing requirements to image_click_teleop.egg-info/requires.txt
[0.894s] writing top-level names to image_click_teleop.egg-info/top_level.txt
[0.919s] reading manifest file 'image_click_teleop.egg-info/SOURCES.txt'
[0.919s] writing manifest file 'image_click_teleop.egg-info/SOURCES.txt'
[0.931s] running build_ext
[0.931s] Creating /home/maria/ros2_project_ws/src/Tools-and-Software-Project/install/image_click_teleop/lib/python3.12/site-packages/image-click-teleop.egg-link (link to .)
[0.932s] Installing camera_publisher script to /home/maria/ros2_project_ws/src/Tools-and-Software-Project/install/image_click_teleop/lib/image_click_teleop
[0.932s] Installing click_teleop script to /home/maria/ros2_project_ws/src/Tools-and-Software-Project/install/image_click_teleop/lib/image_click_teleop
[0.932s] 
[0.932s] Installed /home/maria/ros2_project_ws/src/Tools-and-Software-Project/build/image_click_teleop
[0.932s] running symlink_data
[0.932s] symbolically linking /home/maria/ros2_project_ws/src/Tools-and-Software-Project/build/image_click_teleop/resource/image_click_teleop -> /home/maria/ros2_project_ws/src/Tools-and-Software-Project/install/image_click_teleop/share/ament_index/resource_index/packages
[0.932s] symbolically linking /home/maria/ros2_project_ws/src/Tools-and-Software-Project/build/image_click_teleop/package.xml -> /home/maria/ros2_project_ws/src/Tools-and-Software-Project/install/image_click_teleop/share/image_click_teleop
[0.932s] symbolically linking /home/maria/ros2_project_ws/src/Tools-and-Software-Project/build/image_click_teleop/launch/click_teleop.launch.py -> /home/maria/ros2_project_ws/src/Tools-and-Software-Project/install/image_click_teleop/share/image_click_teleop/launch
[0.951s] Invoked command in '/home/maria/ros2_project_ws/src/Tools-and-Software-Project/build/image_click_teleop' returned '0': DEBUGINFOD_URLS=https://debuginfod.ubuntu.com PYTHONPATH=/home/maria/ros2_project_ws/src/Tools-and-Software-Project/build/image_click_teleop/prefix_override:/usr/lib/python3/dist-packages/colcon_core/task/python/colcon_distutils_commands:/home/maria/ros2_project_ws/src/Tools-and-Software-Project/install/image_click_teleop/lib/python3.12/site-packages:${PYTHONPATH} /usr/bin/python3 -W ignore:setup.py install is deprecated -W ignore:easy_install command is deprecated setup.py develop --editable --build-directory /home/maria/ros2_project_ws/src/Tools-and-Software-Project/build/image_click_teleop/build --no-deps symlink_data --force
