[0.456s] Invoking command in '/home/maria/ros2_project_ws/src/Tools-and-Software-Project/image_click_teleop': DEBUGINFOD_URLS=https://debuginfod.ubuntu.com PYTHONPATH=/home/maria/ros2_project_ws/src/Tools-and-Software-Project/build/image_click_teleop/prefix_override:/usr/lib/python3/dist-packages/colcon_core/task/python/colcon_distutils_commands:/home/maria/ros2_project_ws/src/Tools-and-Software-Project/install/image_click_teleop/lib/python3.12/site-packages:${PYTHONPATH} /usr/bin/python3 -W ignore:setup.py install is deprecated -W ignore:easy_install command is deprecated setup.py egg_info --egg-base ../build/image_click_teleop build --build-base /home/maria/ros2_project_ws/src/Tools-and-Software-Project/build/image_click_teleop/build install --record /home/maria/ros2_project_ws/src/Tools-and-Software-Project/build/image_click_teleop/install.log --single-version-externally-managed install_data
[0.606s] running egg_info
[0.606s] creating ../build/image_click_teleop/image_click_teleop.egg-info
[0.616s] writing ../build/image_click_teleop/image_click_teleop.egg-info/PKG-INFO
[0.616s] writing dependency_links to ../build/image_click_teleop/image_click_teleop.egg-info/dependency_links.txt
[0.616s] writing entry points to ../build/image_click_teleop/image_click_teleop.egg-info/entry_points.txt
[0.617s] writing requirements to ../build/image_click_teleop/image_click_teleop.egg-info/requires.txt
[0.617s] writing top-level names to ../build/image_click_teleop/image_click_teleop.egg-info/top_level.txt
[0.617s] writing manifest file '../build/image_click_teleop/image_click_teleop.egg-info/SOURCES.txt'
[0.637s] reading manifest file '../build/image_click_teleop/image_click_teleop.egg-info/SOURCES.txt'
[0.637s] writing manifest file '../build/image_click_teleop/image_click_teleop.egg-info/SOURCES.txt'
[0.638s] running build
[0.638s] running build_py
[0.638s] creating /home/maria/ros2_project_ws/src/Tools-and-Software-Project/build/image_click_teleop/build
[0.638s] creating /home/maria/ros2_project_ws/src/Tools-and-Software-Project/build/image_click_teleop/build/lib
[0.638s] creating /home/maria/ros2_project_ws/src/Tools-and-Software-Project/build/image_click_teleop/build/lib/image_click_teleop
[0.638s] copying image_click_teleop/camera_publisher.py -> /home/maria/ros2_project_ws/src/Tools-and-Software-Project/build/image_click_teleop/build/lib/image_click_teleop
[0.640s] copying image_click_teleop/click_teleop_node.py -> /home/maria/ros2_project_ws/src/Tools-and-Software-Project/build/image_click_teleop/build/lib/image_click_teleop
[0.640s] copying image_click_teleop/__init__.py -> /home/maria/ros2_project_ws/src/Tools-and-Software-Project/build/image_click_teleop/build/lib/image_click_teleop
[0.640s] running install
[0.644s] running install_lib
[0.654s] creating /home/maria/ros2_project_ws/src/Tools-and-Software-Project/install/image_click_teleop/lib/python3.12/site-packages/image_click_teleop
[0.654s] copying /home/maria/ros2_project_ws/src/Tools-and-Software-Project/build/image_click_teleop/build/lib/image_click_teleop/camera_publisher.py -> /home/maria/ros2_project_ws/src/Tools-and-Software-Project/install/image_click_teleop/lib/python3.12/site-packages/image_click_teleop
[0.654s] copying /home/maria/ros2_project_ws/src/Tools-and-Software-Project/build/image_click_teleop/build/lib/image_click_teleop/click_teleop_node.py -> /home/maria/ros2_project_ws/src/Tools-and-Software-Project/install/image_click_teleop/lib/python3.12/site-packages/image_click_teleop
[0.654s] copying /home/maria/ros2_project_ws/src/Tools-and-Software-Project/build/image_click_teleop/build/lib/image_click_teleop/__init__.py -> /home/maria/ros2_project_ws/src/Tools-and-Software-Project/install/image_click_teleop/lib/python3.12/site-packages/image_click_teleop
[0.654s] byte-compiling /home/maria/ros2_project_ws/src/Tools-and-Software-Project/install/image_click_teleop/lib/python3.12/site-packages/image_click_teleop/camera_publisher.py to camera_publisher.cpython-312.pyc
[0.655s] byte-compiling /home/maria/ros2_project_ws/src/Tools-and-Software-Project/install/image_click_teleop/lib/python3.12/site-packages/image_click_teleop/click_teleop_node.py to click_teleop_node.cpython-312.pyc
[0.655s] byte-compiling /home/maria/ros2_project_ws/src/Tools-and-Software-Project/install/image_click_teleop/lib/python3.12/site-packages/image_click_teleop/__init__.py to __init__.cpython-312.pyc
[0.655s] running install_data
[0.656s] creating /home/maria/ros2_project_ws/src/Tools-and-Software-Project/install/image_click_teleop/share/ament_index
[0.656s] creating /home/maria/ros2_project_ws/src/Tools-and-Software-Project/install/image_click_teleop/share/ament_index/resource_index
[0.656s] creating /home/maria/ros2_project_ws/src/Tools-and-Software-Project/install/image_click_teleop/share/ament_index/resource_index/packages
[0.656s] copying resource/image_click_teleop -> /home/maria/ros2_project_ws/src/Tools-and-Software-Project/install/image_click_teleop/share/ament_index/resource_index/packages
[0.656s] copying package.xml -> /home/maria/ros2_project_ws/src/Tools-and-Software-Project/install/image_click_teleop/share/image_click_teleop
[0.656s] creating /home/maria/ros2_project_ws/src/Tools-and-Software-Project/install/image_click_teleop/share/image_click_teleop/launch
[0.656s] copying launch/click_teleop.launch.py -> /home/maria/ros2_project_ws/src/Tools-and-Software-Project/install/image_click_teleop/share/image_click_teleop/launch
[0.656s] running install_egg_info
[0.667s] Copying ../build/image_click_teleop/image_click_teleop.egg-info to /home/maria/ros2_project_ws/src/Tools-and-Software-Project/install/image_click_teleop/lib/python3.12/site-packages/image_click_teleop-0.0.0-py3.12.egg-info
[0.667s] running install_scripts
[0.737s] Installing camera_publisher script to /home/maria/ros2_project_ws/src/Tools-and-Software-Project/install/image_click_teleop/lib/image_click_teleop
[0.737s] Installing click_teleop script to /home/maria/ros2_project_ws/src/Tools-and-Software-Project/install/image_click_teleop/lib/image_click_teleop
[0.737s] writing list of installed files to '/home/maria/ros2_project_ws/src/Tools-and-Software-Project/build/image_click_teleop/install.log'
[0.752s] Invoked command in '/home/maria/ros2_project_ws/src/Tools-and-Software-Project/image_click_teleop' returned '0': DEBUGINFOD_URLS=https://debuginfod.ubuntu.com PYTHONPATH=/home/maria/ros2_project_ws/src/Tools-and-Software-Project/build/image_click_teleop/prefix_override:/usr/lib/python3/dist-packages/colcon_core/task/python/colcon_distutils_commands:/home/maria/ros2_project_ws/src/Tools-and-Software-Project/install/image_click_teleop/lib/python3.12/site-packages:${PYTHONPATH} /usr/bin/python3 -W ignore:setup.py install is deprecated -W ignore:easy_install command is deprecated setup.py egg_info --egg-base ../build/image_click_teleop build --build-base /home/maria/ros2_project_ws/src/Tools-and-Software-Project/build/image_click_teleop/build install --record /home/maria/ros2_project_ws/src/Tools-and-Software-Project/build/image_click_teleop/install.log --single-version-externally-managed install_data
